# JRE version: OpenJDK Runtime Environment (21.0.9) (build 21.0.9+-14787801-b1163.94)
# Java VM: OpenJDK 64-Bit Server VM (21.0.9+-14787801-b1163.94, mixed mode, tiered, compressed oops, compressed class ptrs, g1 gc, windows-amd64)
GC Precious Log:
 CardTable entry size: 512
 Card Set container configuration: InlinePtr #cards 5 size 8 Array Of Cards #cards 12 size 40 Howl #buckets 4 coarsen threshold 1843 Howl Bitmap #cards 512 size 80 coarsen threshold 460 Card regions per heap region 1 cards per card region 2048
 CPUs: 8 total, 8 available
 Memory: 7455M
 Large Page Support: Disabled
 NUMA Support: Disabled
 Compressed Oops: Enabled (32-bit)
 Heap Region Size: 1M
 Heap Min Capacity: 8M
 Heap Initial Capacity: 118M
 Heap Max Capacity: 1G
 Pre-touch: Disabled
 Parallel Workers: 8
 Concurrent Workers: 2
 Concurrent Refinement Workers: 8
 Periodic GC: Disabled
Heap:
 garbage-first heap   total 145408K, used 86971K [0x00000000c0000000, 0x0000000100000000)
  region size 1024K, 4 young (4096K), 4 survivors (4096K)
 Metaspace       used 73883K, committed 75776K, reserved 278528K
  class space    used 10497K, committed 11392K, reserved 212992K
GC Heap History (20 events):
Event: 18.616 GC heap after
{Heap after GC invocations=31 (full 0):
 garbage-first heap   total 140288K, used 84474K [0x00000000c0000000, 0x0000000100000000)
  region size 1024K, 4 young (4096K), 4 survivors (4096K)
 Metaspace       used 73760K, committed 75712K, reserved 278528K
  class space    used 10496K, committed 11392K, reserved 212992K
}
Event: 19.258 GC heap before
{Heap before GC invocations=31 (full 0):
 garbage-first heap   total 140288K, used 129530K [0x00000000c0000000, 0x0000000100000000)
  region size 1024K, 49 young (50176K), 4 survivors (4096K)
 Metaspace       used 73846K, committed 75776K, reserved 278528K
  class space    used 10496K, committed 11392K, reserved 212992K
}
Event: 19.265 GC heap after
{Heap after GC invocations=32 (full 0):
 garbage-first heap   total 140288K, used 84032K [0x00000000c0000000, 0x0000000100000000)
  region size 1024K, 5 young (5120K), 5 survivors (5120K)
 Metaspace       used 73846K, committed 75776K, reserved 278528K
  class space    used 10496K, committed 11392K, reserved 212992K
}
Event: 19.804 GC heap before
{Heap before GC invocations=32 (full 0):
 garbage-first heap   total 140288K, used 130112K [0x00000000c0000000, 0x0000000100000000)
  region size 1024K, 51 young (52224K), 5 survivors (5120K)
 Metaspace       used 73868K, committed 75776K, reserved 278528K
  class space    used 10496K, committed 11392K, reserved 212992K
}
Event: 19.808 GC heap after
{Heap after GC invocations=33 (full 0):
 garbage-first heap   total 140288K, used 84498K [0x00000000c0000000, 0x0000000100000000)
  region size 1024K, 4 young (4096K), 4 survivors (4096K)
 Metaspace       used 73868K, committed 75776K, reserved 278528K
  class space    used 10496K, committed 11392K, reserved 212992K
}
Event: 20.112 GC heap before
{Heap before GC invocations=34 (full 0):
 garbage-first heap   total 142336K, used 131602K [0x00000000c0000000, 0x0000000100000000)
  region size 1024K, 50 young (51200K), 4 survivors (4096K)
 Metaspace       used 73875K, committed 75776K, reserved 278528K
  class space    used 10496K, committed 11392K, reserved 212992K
}
Event: 20.117 GC heap after
{Heap after GC invocations=35 (full 0):
 garbage-first heap   total 142336K, used 85305K [0x00000000c0000000, 0x0000000100000000)
  region size 1024K, 5 young (5120K), 5 survivors (5120K)
 Metaspace       used 73875K, committed 75776K, reserved 278528K
  class space    used 10496K, committed 11392K, reserved 212992K
}
Event: 20.386 GC heap before
{Heap before GC invocations=35 (full 0):
 garbage-first heap   total 142336K, used 133433K [0x00000000c0000000, 0x0000000100000000)
  region size 1024K, 52 young (53248K), 5 survivors (5120K)
 Metaspace       used 73875K, committed 75776K, reserved 278528K
  class space    used 10496K, committed 11392K, reserved 212992K
}
Event: 20.391 GC heap after
{Heap after GC invocations=36 (full 0):
 garbage-first heap   total 142336K, used 84726K [0x00000000c0000000, 0x0000000100000000)
  region size 1024K, 5 young (5120K), 5 survivors (5120K)
 Metaspace       used 73875K, committed 75776K, reserved 278528K
  class space    used 10496K, committed 11392K, reserved 212992K
}
Event: 20.678 GC heap before
{Heap before GC invocations=36 (full 0):
 garbage-first heap   total 142336K, used 132854K [0x00000000c0000000, 0x0000000100000000)
  region size 1024K, 52 young (53248K), 5 survivors (5120K)
 Metaspace       used 73877K, committed 75776K, reserved 278528K
  class space    used 10496K, committed 11392K, reserved 212992K
}
Event: 20.683 GC heap after
{Heap after GC invocations=37 (full 0):
 garbage-first heap   total 142336K, used 85426K [0x00000000c0000000, 0x0000000100000000)
  region size 1024K, 4 young (4096K), 4 survivors (4096K)
 Metaspace       used 73877K, committed 75776K, reserved 278528K
  class space    used 10496K, committed 11392K, reserved 212992K
}
Event: 22.797 GC heap before
{Heap before GC invocations=38 (full 0):
 garbage-first heap   total 143360K, used 134578K [0x00000000c0000000, 0x0000000100000000)
  region size 1024K, 52 young (53248K), 4 survivors (4096K)
 Metaspace       used 73879K, committed 75776K, reserved 278528K
  class space    used 10496K, committed 11392K, reserved 212992K
}
Event: 22.801 GC heap after
{Heap after GC invocations=39 (full 0):
 garbage-first heap   total 143360K, used 85857K [0x00000000c0000000, 0x0000000100000000)
  region size 1024K, 5 young (5120K), 5 survivors (5120K)
 Metaspace       used 73879K, committed 75776K, reserved 278528K
  class space    used 10496K, committed 11392K, reserved 212992K
}
Event: 22.886 GC heap before
{Heap before GC invocations=39 (full 0):
 garbage-first heap   total 143360K, used 133985K [0x00000000c0000000, 0x0000000100000000)
  region size 1024K, 53 young (54272K), 5 survivors (5120K)
 Metaspace       used 73879K, committed 75776K, reserved 278528K
  class space    used 10496K, committed 11392K, reserved 212992K
}
Event: 22.891 GC heap after
{Heap after GC invocations=40 (full 0):
 garbage-first heap   total 143360K, used 86242K [0x00000000c0000000, 0x0000000100000000)
  region size 1024K, 4 young (4096K), 4 survivors (4096K)
 Metaspace       used 73879K, committed 75776K, reserved 278528K
  class space    used 10496K, committed 11392K, reserved 212992K
}
Event: 22.985 GC heap before
{Heap before GC invocations=40 (full 0):
 garbage-first heap   total 143360K, used 134370K [0x00000000c0000000, 0x0000000100000000)
  region size 1024K, 52 young (53248K), 4 survivors (4096K)
 Metaspace       used 73879K, committed 75776K, reserved 278528K
  class space    used 10496K, committed 11392K, reserved 212992K
}
Event: 22.988 GC heap after
{Heap after GC invocations=41 (full 0):
 garbage-first heap   total 143360K, used 86814K [0x00000000c0000000, 0x0000000100000000)
  region size 1024K, 4 young (4096K), 4 survivors (4096K)
 Metaspace       used 73879K, committed 75776K, reserved 278528K
  class space    used 10496K, committed 11392K, reserved 212992K
}
Event: 23.105 GC heap before
{Heap before GC invocations=42 (full 0):
 garbage-first heap   total 145408K, used 134942K [0x00000000c0000000, 0x0000000100000000)
  region size 1024K, 51 young (52224K), 4 survivors (4096K)
 Metaspace       used 73883K, committed 75776K, reserved 278528K
  class space    used 10497K, committed 11392K, reserved 212992K
}
Event: 23.108 GC heap after
{Heap after GC invocations=43 (full 0):
 garbage-first heap   total 145408K, used 87334K [0x00000000c0000000, 0x0000000100000000)
  region size 1024K, 5 young (5120K), 5 survivors (5120K)
 Metaspace       used 73883K, committed 75776K, reserved 278528K
  class space    used 10497K, committed 11392K, reserved 212992K
}
Event: 23.226 GC heap before
{Heap before GC invocations=43 (full 0):
 garbage-first heap   total 145408K, used 135462K [0x00000000c0000000, 0x0000000100000000)
  region size 1024K, 53 young (54272K), 5 survivors (5120K)
 Metaspace       used 73883K, committed 75776K, reserved 278528K
  class space    used 10497K, committed 11392K, reserved 212992K
}

