# JRE version: OpenJDK Runtime Environment (21.0.9) (build 21.0.9+-14787801-b1163.94)
# Java VM: OpenJDK 64-Bit Server VM (21.0.9+-14787801-b1163.94, mixed mode, tiered, compressed oops, compressed class ptrs, g1 gc, windows-amd64)
GC Precious Log:
 CardTable entry size: 512
 Card Set container configuration: InlinePtr #cards 5 size 8 Array Of Cards #cards 12 size 40 Howl #buckets 4 coarsen threshold 1843 Howl Bitmap #cards 512 size 80 coarsen threshold 460 Card regions per heap region 1 cards per card region 2048
 CPUs: 8 total, 8 available
 Memory: 7455M
 Large Page Support: Disabled
 NUMA Support: Disabled
 Compressed Oops: Enabled (32-bit)
 Heap Region Size: 1M
 Heap Min Capacity: 8M
 Heap Initial Capacity: 8M
 Heap Max Capacity: 1864M
 Pre-touch: Disabled
 Parallel Workers: 8
 Concurrent Workers: 2
 Concurrent Refinement Workers: 8
 Periodic GC: Disabled
Heap:
 garbage-first heap   total 30720K, used 5256K [0x000000008b800000, 0x0000000100000000)
  region size 1024K, 1 young (1024K), 1 survivors (1024K)
 Metaspace       used 11256K, committed 11520K, reserved 1114112K
  class space    used 1161K, committed 1280K, reserved 1048576K
GC Heap History (20 events):
Event: 0.469 GC heap after
{Heap after GC invocations=7 (full 0):
 garbage-first heap   total 12288K, used 4034K [0x000000008b800000, 0x0000000100000000)
  region size 1024K, 1 young (1024K), 1 survivors (1024K)
 Metaspace       used 10863K, committed 11136K, reserved 1114112K
  class space    used 1143K, committed 1280K, reserved 1048576K
}
Event: 0.503 GC heap before
{Heap before GC invocations=7 (full 0):
 garbage-first heap   total 12288K, used 8130K [0x000000008b800000, 0x0000000100000000)
  region size 1024K, 5 young (5120K), 1 survivors (1024K)
 Metaspace       used 11023K, committed 11264K, reserved 1114112K
  class space    used 1149K, committed 1280K, reserved 1048576K
}
Event: 0.505 GC heap after
{Heap after GC invocations=8 (full 0):
 garbage-first heap   total 12288K, used 4529K [0x000000008b800000, 0x0000000100000000)
  region size 1024K, 1 young (1024K), 1 survivors (1024K)
 Metaspace       used 11023K, committed 11264K, reserved 1114112K
  class space    used 1149K, committed 1280K, reserved 1048576K
}
Event: 0.535 GC heap before
{Heap before GC invocations=8 (full 0):
 garbage-first heap   total 12288K, used 7601K [0x000000008b800000, 0x0000000100000000)
  region size 1024K, 4 young (4096K), 1 survivors (1024K)
 Metaspace       used 11121K, committed 11392K, reserved 1114112K
  class space    used 1160K, committed 1280K, reserved 1048576K
}
Event: 0.536 GC heap after
{Heap after GC invocations=9 (full 0):
 garbage-first heap   total 19456K, used 4723K [0x000000008b800000, 0x0000000100000000)
  region size 1024K, 1 young (1024K), 1 survivors (1024K)
 Metaspace       used 11121K, committed 11392K, reserved 1114112K
  class space    used 1160K, committed 1280K, reserved 1048576K
}
Event: 0.572 GC heap before
{Heap before GC invocations=9 (full 0):
 garbage-first heap   total 19456K, used 11891K [0x000000008b800000, 0x0000000100000000)
  region size 1024K, 9 young (9216K), 1 survivors (1024K)
 Metaspace       used 11180K, committed 11456K, reserved 1114112K
  class space    used 1160K, committed 1280K, reserved 1048576K
}
Event: 0.574 GC heap after
{Heap after GC invocations=10 (full 0):
 garbage-first heap   total 19456K, used 4956K [0x000000008b800000, 0x0000000100000000)
  region size 1024K, 1 young (1024K), 1 survivors (1024K)
 Metaspace       used 11180K, committed 11456K, reserved 1114112K
  class space    used 1160K, committed 1280K, reserved 1048576K
}
Event: 0.592 GC heap before
{Heap before GC invocations=10 (full 0):
 garbage-first heap   total 19456K, used 12124K [0x000000008b800000, 0x0000000100000000)
  region size 1024K, 9 young (9216K), 1 survivors (1024K)
 Metaspace       used 11241K, committed 11520K, reserved 1114112K
  class space    used 1161K, committed 1280K, reserved 1048576K
}
Event: 0.593 GC heap after
{Heap after GC invocations=11 (full 0):
 garbage-first heap   total 19456K, used 4984K [0x000000008b800000, 0x0000000100000000)
  region size 1024K, 1 young (1024K), 1 survivors (1024K)
 Metaspace       used 11241K, committed 11520K, reserved 1114112K
  class space    used 1161K, committed 1280K, reserved 1048576K
}
Event: 0.609 GC heap before
{Heap before GC invocations=11 (full 0):
 garbage-first heap   total 19456K, used 13176K [0x000000008b800000, 0x0000000100000000)
  region size 1024K, 10 young (10240K), 1 survivors (1024K)
 Metaspace       used 11244K, committed 11520K, reserved 1114112K
  class space    used 1161K, committed 1280K, reserved 1048576K
}
Event: 0.610 GC heap after
{Heap after GC invocations=12 (full 0):
 garbage-first heap   total 19456K, used 5003K [0x000000008b800000, 0x0000000100000000)
  region size 1024K, 1 young (1024K), 1 survivors (1024K)
 Metaspace       used 11244K, committed 11520K, reserved 1114112K
  class space    used 1161K, committed 1280K, reserved 1048576K
}
Event: 0.626 GC heap before
{Heap before GC invocations=12 (full 0):
 garbage-first heap   total 19456K, used 14219K [0x000000008b800000, 0x0000000100000000)
  region size 1024K, 11 young (11264K), 1 survivors (1024K)
 Metaspace       used 11249K, committed 11520K, reserved 1114112K
  class space    used 1161K, committed 1280K, reserved 1048576K
}
Event: 1.640 GC heap after
{Heap after GC invocations=13 (full 0):
 garbage-first heap   total 30720K, used 4996K [0x000000008b800000, 0x0000000100000000)
  region size 1024K, 1 young (1024K), 1 survivors (1024K)
 Metaspace       used 11249K, committed 11520K, reserved 1114112K
  class space    used 1161K, committed 1280K, reserved 1048576K
}
Event: 1.644 GC heap before
{Heap before GC invocations=13 (full 0):
 garbage-first heap   total 30720K, used 6020K [0x000000008b800000, 0x0000000100000000)
  region size 1024K, 2 young (2048K), 1 survivors (1024K)
 Metaspace       used 11249K, committed 11520K, reserved 1114112K
  class space    used 1161K, committed 1280K, reserved 1048576K
}
Event: 1.645 GC heap after
{Heap after GC invocations=14 (full 0):
 garbage-first heap   total 30720K, used 5090K [0x000000008b800000, 0x0000000100000000)
  region size 1024K, 1 young (1024K), 1 survivors (1024K)
 Metaspace       used 11249K, committed 11520K, reserved 1114112K
  class space    used 1161K, committed 1280K, reserved 1048576K
}
Event: 1.648 GC heap before
{Heap before GC invocations=14 (full 0):
 garbage-first heap   total 30720K, used 6114K [0x000000008b800000, 0x0000000100000000)
  region size 1024K, 2 young (2048K), 1 survivors (1024K)
 Metaspace       used 11249K, committed 11520K, reserved 1114112K
  class space    used 1161K, committed 1280K, reserved 1048576K
}
Event: 1.649 GC heap after
{Heap after GC invocations=15 (full 0):
 garbage-first heap   total 30720K, used 5082K [0x000000008b800000, 0x0000000100000000)
  region size 1024K, 1 young (1024K), 1 survivors (1024K)
 Metaspace       used 11249K, committed 11520K, reserved 1114112K
  class space    used 1161K, committed 1280K, reserved 1048576K
}
Event: 1.650 GC heap before
{Heap before GC invocations=15 (full 0):
 garbage-first heap   total 30720K, used 6106K [0x000000008b800000, 0x0000000100000000)
  region size 1024K, 2 young (2048K), 1 survivors (1024K)
 Metaspace       used 11249K, committed 11520K, reserved 1114112K
  class space    used 1161K, committed 1280K, reserved 1048576K
}
Event: 1.651 GC heap after
{Heap after GC invocations=16 (full 0):
 garbage-first heap   total 30720K, used 5253K [0x000000008b800000, 0x0000000100000000)
  region size 1024K, 1 young (1024K), 1 survivors (1024K)
 Metaspace       used 11249K, committed 11520K, reserved 1114112K
  class space    used 1161K, committed 1280K, reserved 1048576K
}
Event: 1.656 GC heap before
{Heap before GC invocations=16 (full 0):
 garbage-first heap   total 30720K, used 6277K [0x000000008b800000, 0x0000000100000000)
  region size 1024K, 2 young (2048K), 1 survivors (1024K)
 Metaspace       used 11256K, committed 11520K, reserved 1114112K
  class space    used 1161K, committed 1280K, reserved 1048576K
}

